mode: atomic
github.com/sparkleGoat/go-microservice-template/internal/config/config.go:41.30,55.85 3 4
github.com/sparkleGoat/go-microservice-template/internal/config/config.go:55.85,57.3 1 0
github.com/sparkleGoat/go-microservice-template/internal/config/config.go:58.2,58.88 1 4
github.com/sparkleGoat/go-microservice-template/internal/config/config.go:58.88,60.3 1 0
github.com/sparkleGoat/go-microservice-template/internal/config/config.go:61.2,61.97 1 4
github.com/sparkleGoat/go-microservice-template/internal/config/config.go:61.97,63.3 1 1
github.com/sparkleGoat/go-microservice-template/internal/config/config.go:64.2,64.17 1 3
github.com/sparkleGoat/go-microservice-template/internal/config/config.go:67.42,68.47 1 24
github.com/sparkleGoat/go-microservice-template/internal/config/config.go:68.47,70.3 1 2
github.com/sparkleGoat/go-microservice-template/internal/config/config.go:71.2,71.17 1 22
github.com/sparkleGoat/go-microservice-template/internal/config/config.go:74.77,76.20 2 12
github.com/sparkleGoat/go-microservice-template/internal/config/config.go:76.20,78.3 1 9
github.com/sparkleGoat/go-microservice-template/internal/config/config.go:80.2,80.49 1 3
github.com/sparkleGoat/go-microservice-template/internal/config/config.go:80.49,82.3 1 1
github.com/sparkleGoat/go-microservice-template/internal/config/config.go:83.2,84.16 2 2
github.com/sparkleGoat/go-microservice-template/internal/config/config.go:84.16,86.3 1 1
github.com/sparkleGoat/go-microservice-template/internal/config/config.go:87.2,87.47 1 1
github.com/sparkleGoat/go-microservice-template/cmd/server/main.go:31.13,32.30 1 0
github.com/sparkleGoat/go-microservice-template/cmd/server/main.go:32.30,35.3 2 0
github.com/sparkleGoat/go-microservice-template/cmd/server/main.go:38.18,40.16 2 0
github.com/sparkleGoat/go-microservice-template/cmd/server/main.go:40.16,42.3 1 0
github.com/sparkleGoat/go-microservice-template/cmd/server/main.go:44.2,52.16 6 0
github.com/sparkleGoat/go-microservice-template/cmd/server/main.go:52.16,54.3 1 0
github.com/sparkleGoat/go-microservice-template/cmd/server/main.go:56.2,95.53 20 0
github.com/sparkleGoat/go-microservice-template/cmd/server/main.go:95.53,97.3 1 0
github.com/sparkleGoat/go-microservice-template/cmd/server/main.go:99.2,101.12 3 0
github.com/sparkleGoat/go-microservice-template/cmd/server/main.go:104.84,107.86 3 0
github.com/sparkleGoat/go-microservice-template/cmd/server/main.go:107.86,109.3 1 0
github.com/sparkleGoat/go-microservice-template/internal/observability/logging.go:16.69,24.2 2 0
github.com/sparkleGoat/go-microservice-template/internal/observability/logging.go:26.42,27.51 1 0
github.com/sparkleGoat/go-microservice-template/internal/observability/logging.go:28.15,29.25 1 0
github.com/sparkleGoat/go-microservice-template/internal/observability/logging.go:30.25,31.24 1 0
github.com/sparkleGoat/go-microservice-template/internal/observability/logging.go:32.15,33.25 1 0
github.com/sparkleGoat/go-microservice-template/internal/observability/logging.go:34.10,35.24 1 0
github.com/sparkleGoat/go-microservice-template/internal/observability/metrics.go:23.73,45.2 3 0
github.com/sparkleGoat/go-microservice-template/internal/observability/metrics.go:50.103,51.46 1 0
github.com/sparkleGoat/go-microservice-template/internal/observability/metrics.go:51.46,52.72 1 0
github.com/sparkleGoat/go-microservice-template/internal/observability/metrics.go:52.72,61.19 7 0
github.com/sparkleGoat/go-microservice-template/internal/observability/metrics.go:61.19,63.5 1 0
github.com/sparkleGoat/go-microservice-template/internal/observability/metrics.go:64.4,65.91 2 0
github.com/sparkleGoat/go-microservice-template/internal/observability/metrics.go:77.48,78.20 1 0
github.com/sparkleGoat/go-microservice-template/internal/observability/metrics.go:78.20,81.3 2 0
github.com/sparkleGoat/go-microservice-template/internal/observability/metrics.go:82.2,82.36 1 0
github.com/sparkleGoat/go-microservice-template/internal/observability/metrics.go:85.55,86.20 1 0
github.com/sparkleGoat/go-microservice-template/internal/observability/metrics.go:86.20,88.3 1 0
github.com/sparkleGoat/go-microservice-template/internal/observability/metrics.go:89.2,89.34 1 0
github.com/sparkleGoat/go-microservice-template/internal/observability/tracing.go:21.119,22.20 1 0
github.com/sparkleGoat/go-microservice-template/internal/observability/tracing.go:22.20,23.38 1 0
github.com/sparkleGoat/go-microservice-template/internal/observability/tracing.go:23.38,23.52 1 0
github.com/sparkleGoat/go-microservice-template/internal/observability/tracing.go:26.2,30.16 2 0
github.com/sparkleGoat/go-microservice-template/internal/observability/tracing.go:30.16,32.3 1 0
github.com/sparkleGoat/go-microservice-template/internal/observability/tracing.go:34.2,40.16 2 0
github.com/sparkleGoat/go-microservice-template/internal/observability/tracing.go:40.16,42.3 1 0
github.com/sparkleGoat/go-microservice-template/internal/observability/tracing.go:44.2,57.25 4 0
github.com/sparkleGoat/go-microservice-template/internal/health/health.go:33.36,35.2 1 4
github.com/sparkleGoat/go-microservice-template/internal/health/health.go:38.40,42.2 3 2
github.com/sparkleGoat/go-microservice-template/internal/health/health.go:45.54,46.54 1 1
github.com/sparkleGoat/go-microservice-template/internal/health/health.go:46.54,48.3 1 1
github.com/sparkleGoat/go-microservice-template/internal/health/health.go:53.55,54.54 1 3
github.com/sparkleGoat/go-microservice-template/internal/health/health.go:54.54,60.13 5 3
github.com/sparkleGoat/go-microservice-template/internal/health/health.go:60.13,63.4 2 1
github.com/sparkleGoat/go-microservice-template/internal/health/health.go:65.3,67.32 3 2
github.com/sparkleGoat/go-microservice-template/internal/health/health.go:67.32,71.18 4 2
github.com/sparkleGoat/go-microservice-template/internal/health/health.go:71.18,74.5 2 1
github.com/sparkleGoat/go-microservice-template/internal/health/health.go:74.10,76.5 1 1
github.com/sparkleGoat/go-microservice-template/internal/health/health.go:79.3,81.13 3 2
github.com/sparkleGoat/go-microservice-template/internal/health/health.go:81.13,84.4 2 1
github.com/sparkleGoat/go-microservice-template/internal/health/health.go:85.3,85.29 1 2
github.com/sparkleGoat/go-microservice-template/internal/health/health.go:89.61,93.2 3 4
github.com/sparkleGoat/go-microservice-template/internal/httpserver/handlers.go:26.50,27.54 1 6
github.com/sparkleGoat/go-microservice-template/internal/httpserver/handlers.go:27.54,34.17 4 2
github.com/sparkleGoat/go-microservice-template/internal/httpserver/handlers.go:34.17,36.4 1 1
github.com/sparkleGoat/go-microservice-template/internal/httpserver/handlers.go:38.3,41.6 1 2
github.com/sparkleGoat/go-microservice-template/internal/httpserver/handlers.go:46.52,47.54 1 6
github.com/sparkleGoat/go-microservice-template/internal/httpserver/handlers.go:47.54,53.3 1 0
github.com/sparkleGoat/go-microservice-template/internal/httpserver/handlers.go:56.61,60.2 3 3
github.com/sparkleGoat/go-microservice-template/internal/httpserver/handlers.go:62.74,64.2 1 1
github.com/sparkleGoat/go-microservice-template/internal/httpserver/server.go:33.127,44.2 3 6
github.com/sparkleGoat/go-microservice-template/internal/httpserver/server.go:47.41,47.60 1 6
github.com/sparkleGoat/go-microservice-template/internal/httpserver/server.go:49.40,64.40 9 6
github.com/sparkleGoat/go-microservice-template/internal/httpserver/server.go:64.40,67.3 2 6
github.com/sparkleGoat/go-microservice-template/internal/httpserver/server.go:70.2,70.58 1 6
github.com/sparkleGoat/go-microservice-template/internal/httpserver/server.go:70.58,72.3 1 1
github.com/sparkleGoat/go-microservice-template/internal/httpserver/server.go:74.2,74.10 1 6
github.com/sparkleGoat/go-microservice-template/internal/httpserver/server.go:78.64,79.71 1 6
github.com/sparkleGoat/go-microservice-template/internal/httpserver/server.go:79.71,86.3 2 6
github.com/sparkleGoat/go-microservice-template/internal/httpserver/server.go:91.43,92.56 1 6
github.com/sparkleGoat/go-microservice-template/internal/httpserver/server.go:92.56,94.3 1 6
github.com/sparkleGoat/go-microservice-template/internal/httpserver/server.go:95.2,95.11 1 0
